-------------------------------------------------------------------------------
Test set: com.wschase.boot.TestExamlpeBean
-------------------------------------------------------------------------------
Tests run: 2, Failures: 0, Errors: 2, Skipped: 0, Time elapsed: 0.004 s <<< FAILURE! - in com.wschase.boot.TestExamlpeBean
test1(com.wschase.boot.TestExamlpeBean)  Time elapsed: 0.001 s  <<< ERROR!
java.lang.IllegalStateException: The WebApplicationContext for test context [DefaultTestContext@3df1a1ac testClass = TestExamlpeBean, testInstance = com.wschase.boot.TestExamlpeBean@58606c91, testMethod = [null], testException = [null], mergedContextConfiguration = [WebMergedContextConfiguration@6a9cd0f8 testClass = TestExamlpeBean, locations = '{}', classes = '{class com.wschase.boot.ExampleApplication}', contextInitializerClasses = '[]', activeProfiles = '{}', propertySourceLocations = '{}', propertySourceProperties = '{org.springframework.boot.test.context.SpringBootTestContextBootstrapper=true}', contextCustomizers = set[org.springframework.boot.test.context.filter.ExcludeFilterContextCustomizer@80169cf, org.springframework.boot.test.json.DuplicateJsonObjectContextCustomizerFactory$DuplicateJsonObjectContextCustomizer@543e710e, org.springframework.boot.test.mock.mockito.MockitoContextCustomizer@0, org.springframework.boot.test.web.client.TestRestTemplateContextCustomizer@3d8314f0, org.springframework.boot.test.autoconfigure.properties.PropertyMappingContextCustomizer@0, org.springframework.boot.test.autoconfigure.web.servlet.WebDriverContextCustomizerFactory$Customizer@517cd4b], resourceBasePath = 'src/main/webapp', contextLoader = 'org.springframework.boot.test.context.SpringBootContextLoader', parent = [null]], attributes = map['org.springframework.test.context.web.ServletTestExecutionListener.activateListener' -> true]] must be configured with a MockServletContext.

test2(com.wschase.boot.TestExamlpeBean)  Time elapsed: 0 s  <<< ERROR!
java.lang.IllegalStateException: The WebApplicationContext for test context [DefaultTestContext@3df1a1ac testClass = TestExamlpeBean, testInstance = com.wschase.boot.TestExamlpeBean@3458eca5, testMethod = [null], testException = [null], mergedContextConfiguration = [WebMergedContextConfiguration@6a9cd0f8 testClass = TestExamlpeBean, locations = '{}', classes = '{class com.wschase.boot.ExampleApplication}', contextInitializerClasses = '[]', activeProfiles = '{}', propertySourceLocations = '{}', propertySourceProperties = '{org.springframework.boot.test.context.SpringBootTestContextBootstrapper=true}', contextCustomizers = set[org.springframework.boot.test.context.filter.ExcludeFilterContextCustomizer@80169cf, org.springframework.boot.test.json.DuplicateJsonObjectContextCustomizerFactory$DuplicateJsonObjectContextCustomizer@543e710e, org.springframework.boot.test.mock.mockito.MockitoContextCustomizer@0, org.springframework.boot.test.web.client.TestRestTemplateContextCustomizer@3d8314f0, org.springframework.boot.test.autoconfigure.properties.PropertyMappingContextCustomizer@0, org.springframework.boot.test.autoconfigure.web.servlet.WebDriverContextCustomizerFactory$Customizer@517cd4b], resourceBasePath = 'src/main/webapp', contextLoader = 'org.springframework.boot.test.context.SpringBootContextLoader', parent = [null]], attributes = map['org.springframework.test.context.web.ServletTestExecutionListener.activateListener' -> true]] must be configured with a MockServletContext.

